c:\users\11c\documents\netflix1\netflix\x64\release\netflix.pch
c:\users\11c\documents\netflix1\netflix\x64\release\vc142.pdb
c:\users\11c\documents\netflix1\netflix\x64\release\pch.obj
c:\users\11c\documents\netflix1\netflix\x64\release\progressbar.obj
c:\users\11c\documents\netflix1\netflix\x64\release\menu.obj
c:\users\11c\documents\netflix1\netflix\x64\release\netflix.obj
c:\users\11c\documents\netflix1\netflix\x64\release\button.obj
c:\users\11c\documents\netflix1\x64\release\netflix.exe
c:\users\11c\documents\netflix1\netflix\x64\release\netflix.ipdb
c:\users\11c\documents\netflix1\netflix\x64\release\netflix.iobj
c:\users\11c\documents\netflix1\x64\release\netflix.pdb
c:\users\11c\documents\netflix1\netflix\x64\release\resource.res
c:\users\11c\documents\netflix1\netflix\x64\release\netflix.tlog\cl.command.1.tlog
c:\users\11c\documents\netflix1\netflix\x64\release\netflix.tlog\cl.read.1.tlog
c:\users\11c\documents\netflix1\netflix\x64\release\netflix.tlog\cl.write.1.tlog
c:\users\11c\documents\netflix1\netflix\x64\release\netflix.tlog\link.command.1.tlog
c:\users\11c\documents\netflix1\netflix\x64\release\netflix.tlog\link.read.1.tlog
c:\users\11c\documents\netflix1\netflix\x64\release\netflix.tlog\link.write.1.tlog
c:\users\11c\documents\netflix1\netflix\x64\release\netflix.tlog\rc.command.1.tlog
c:\users\11c\documents\netflix1\netflix\x64\release\netflix.tlog\rc.read.1.tlog
c:\users\11c\documents\netflix1\netflix\x64\release\netflix.tlog\rc.write.1.tlog
